z:\syncfile_clientside\syncfile_clientside\debug\vc120.pdb
z:\syncfile_clientside\syncfile_clientside\debug\vc120.idb
z:\syncfile_clientside\syncfile_clientside\debug\connectionbuilder.obj
z:\syncfile_clientside\syncfile_clientside\debug\syncfilesystemclient.obj
z:\syncfile_clientside\syncfile_clientside\debug\terminal.obj
z:\syncfile_clientside\syncfile_clientside\debug\tree.obj
z:\syncfile_clientside\syncfile_clientside\debug\user.obj
z:\syncfile_clientside\syncfile_clientside\debug\usertree.obj
z:\syncfile_clientside\debug\syncfile_clientside.ilk
z:\syncfile_clientside\debug\syncfile_clientside.exe
z:\syncfile_clientside\debug\syncfile_clientside.pdb
z:\syncfile_clientside\syncfile_clientside\debug\syncfilesystem.obj
z:\syncfile_clientside\syncfile_clientside\debug\userstack.obj
z:\syncfile_clientside\syncfile_clientside\debug\syncfile_clientside.ilk
z:\syncfile_clientside\syncfile_clientside\debug\vc143.idb
z:\syncfile_clientside\syncfile_clientside\debug\vc143.pdb
z:\syncfile_clientside\syncfile_clientside\debug\syncfile.bf51cfc3.tlog\cl.command.1.tlog
z:\syncfile_clientside\syncfile_clientside\debug\syncfile.bf51cfc3.tlog\cl.read.1.tlog
z:\syncfile_clientside\syncfile_clientside\debug\syncfile.bf51cfc3.tlog\cl.write.1.tlog
z:\syncfile_clientside\syncfile_clientside\debug\syncfile.bf51cfc3.tlog\link.command.1.tlog
z:\syncfile_clientside\syncfile_clientside\debug\syncfile.bf51cfc3.tlog\link.read.1.tlog
z:\syncfile_clientside\syncfile_clientside\debug\syncfile.bf51cfc3.tlog\link.write.1.tlog
